# JRE version: OpenJDK Runtime Environment Temurin-23.0.1+11 (23.0.1+11) (build 23.0.1+11)
# Java VM: OpenJDK 64-Bit Server VM Temurin-23.0.1+11 (23.0.1+11, mixed mode, sharing, tiered, compressed oops, compressed class ptrs, g1 gc, windows-amd64)
GC Precious Log:
 CardTable entry size: 512
 Card Set container configuration: InlinePtr #cards 4 size 8 Array Of Cards #cards 16 size 48 Howl #buckets 8 coarsen threshold 3686 Howl Bitmap #cards 512 size 80 coarsen threshold 460 Card regions per heap region 1 cards per card region 4096
 CPUs: 8 total, 8 available
 Memory: 16263M
 Large Page Support: Disabled
 NUMA Support: Disabled
 Compressed Oops: Enabled (Zero based)
 Heap Region Size: 2M
 Heap Min Capacity: 8M
 Heap Initial Capacity: 256M
 Heap Max Capacity: 4066M
 Pre-touch: Disabled
 Parallel Workers: 8
 Concurrent Workers: 2
 Concurrent Refinement Workers: 8
 Periodic GC: Disabled
Heap:
 garbage-first heap   total reserved 4163584K, committed 49152K, used 33683K [0x0000000701e00000, 0x0000000800000000)
  region size 2048K, 5 young (10240K), 1 survivors (2048K)
 Metaspace       used 63660K, committed 64320K, reserved 1114112K
  class space    used 8883K, committed 9216K, reserved 1048576K
GC Heap History (20 events):
Event: 7.894 GC heap before
{Heap before GC invocations=5 (full 0):
 garbage-first heap   total reserved 4163584K, committed 49152K, used 34782K [0x0000000701e00000, 0x0000000800000000)
  region size 2048K, 11 young (22528K), 2 survivors (4096K)
 Metaspace       used 28890K, committed 29312K, reserved 1114112K
  class space    used 3748K, committed 3968K, reserved 1048576K
}
Event: 7.911 GC heap after
{Heap after GC invocations=6 (full 0):
 garbage-first heap   total reserved 4163584K, committed 49152K, used 17778K [0x0000000701e00000, 0x0000000800000000)
  region size 2048K, 2 young (4096K), 2 survivors (4096K)
 Metaspace       used 28890K, committed 29312K, reserved 1114112K
  class space    used 3748K, committed 3968K, reserved 1048576K
}
Event: 9.088 GC heap before
{Heap before GC invocations=6 (full 0):
 garbage-first heap   total reserved 4163584K, committed 49152K, used 36210K [0x0000000701e00000, 0x0000000800000000)
  region size 2048K, 11 young (22528K), 2 survivors (4096K)
 Metaspace       used 33451K, committed 33920K, reserved 1114112K
  class space    used 4426K, committed 4672K, reserved 1048576K
}
Event: 9.096 GC heap after
{Heap after GC invocations=7 (full 0):
 garbage-first heap   total reserved 4163584K, committed 49152K, used 18555K [0x0000000701e00000, 0x0000000800000000)
  region size 2048K, 2 young (4096K), 2 survivors (4096K)
 Metaspace       used 33451K, committed 33920K, reserved 1114112K
  class space    used 4426K, committed 4672K, reserved 1048576K
}
Event: 9.603 GC heap before
{Heap before GC invocations=7 (full 0):
 garbage-first heap   total reserved 4163584K, committed 49152K, used 26747K [0x0000000701e00000, 0x0000000800000000)
  region size 2048K, 7 young (14336K), 2 survivors (4096K)
 Metaspace       used 35509K, committed 35968K, reserved 1114112K
  class space    used 4810K, committed 5056K, reserved 1048576K
}
Event: 9.609 GC heap after
{Heap after GC invocations=8 (full 0):
 garbage-first heap   total reserved 4163584K, committed 49152K, used 19025K [0x0000000701e00000, 0x0000000800000000)
  region size 2048K, 1 young (2048K), 1 survivors (2048K)
 Metaspace       used 35509K, committed 35968K, reserved 1114112K
  class space    used 4810K, committed 5056K, reserved 1048576K
}
Event: 11.236 GC heap before
{Heap before GC invocations=9 (full 0):
 garbage-first heap   total reserved 4163584K, committed 49152K, used 39505K [0x0000000701e00000, 0x0000000800000000)
  region size 2048K, 11 young (22528K), 1 survivors (2048K)
 Metaspace       used 41631K, committed 42176K, reserved 1114112K
  class space    used 5647K, committed 5888K, reserved 1048576K
}
Event: 11.245 GC heap after
{Heap after GC invocations=10 (full 0):
 garbage-first heap   total reserved 4163584K, committed 49152K, used 20514K [0x0000000701e00000, 0x0000000800000000)
  region size 2048K, 2 young (4096K), 2 survivors (4096K)
 Metaspace       used 41631K, committed 42176K, reserved 1114112K
  class space    used 5647K, committed 5888K, reserved 1048576K
}
Event: 12.408 GC heap before
{Heap before GC invocations=10 (full 0):
 garbage-first heap   total reserved 4163584K, committed 49152K, used 38946K [0x0000000701e00000, 0x0000000800000000)
  region size 2048K, 11 young (22528K), 2 survivors (4096K)
 Metaspace       used 47020K, committed 47552K, reserved 1114112K
  class space    used 6430K, committed 6656K, reserved 1048576K
}
Event: 12.418 GC heap after
{Heap after GC invocations=11 (full 0):
 garbage-first heap   total reserved 4163584K, committed 49152K, used 21246K [0x0000000701e00000, 0x0000000800000000)
  region size 2048K, 2 young (4096K), 2 survivors (4096K)
 Metaspace       used 47020K, committed 47552K, reserved 1114112K
  class space    used 6430K, committed 6656K, reserved 1048576K
}
Event: 13.460 GC heap before
{Heap before GC invocations=11 (full 0):
 garbage-first heap   total reserved 4163584K, committed 49152K, used 37630K [0x0000000701e00000, 0x0000000800000000)
  region size 2048K, 11 young (22528K), 2 survivors (4096K)
 Metaspace       used 51802K, committed 52416K, reserved 1114112K
  class space    used 7216K, committed 7488K, reserved 1048576K
}
Event: 13.467 GC heap after
{Heap after GC invocations=12 (full 0):
 garbage-first heap   total reserved 4163584K, committed 49152K, used 22463K [0x0000000701e00000, 0x0000000800000000)
  region size 2048K, 2 young (4096K), 2 survivors (4096K)
 Metaspace       used 51802K, committed 52416K, reserved 1114112K
  class space    used 7216K, committed 7488K, reserved 1048576K
}
Event: 14.136 GC heap before
{Heap before GC invocations=12 (full 0):
 garbage-first heap   total reserved 4163584K, committed 49152K, used 38847K [0x0000000701e00000, 0x0000000800000000)
  region size 2048K, 10 young (20480K), 2 survivors (4096K)
 Metaspace       used 55806K, committed 56320K, reserved 1114112K
  class space    used 7723K, committed 7936K, reserved 1048576K
}
Event: 14.142 GC heap after
{Heap after GC invocations=13 (full 0):
 garbage-first heap   total reserved 4163584K, committed 49152K, used 23749K [0x0000000701e00000, 0x0000000800000000)
  region size 2048K, 2 young (4096K), 2 survivors (4096K)
 Metaspace       used 55806K, committed 56320K, reserved 1114112K
  class space    used 7723K, committed 7936K, reserved 1048576K
}
Event: 15.004 GC heap before
{Heap before GC invocations=13 (full 0):
 garbage-first heap   total reserved 4163584K, committed 49152K, used 40133K [0x0000000701e00000, 0x0000000800000000)
  region size 2048K, 10 young (20480K), 2 survivors (4096K)
 Metaspace       used 58347K, committed 59008K, reserved 1114112K
  class space    used 8105K, committed 8384K, reserved 1048576K
}
Event: 15.012 GC heap after
{Heap after GC invocations=14 (full 0):
 garbage-first heap   total reserved 4163584K, committed 49152K, used 25444K [0x0000000701e00000, 0x0000000800000000)
  region size 2048K, 2 young (4096K), 2 survivors (4096K)
 Metaspace       used 58347K, committed 59008K, reserved 1114112K
  class space    used 8105K, committed 8384K, reserved 1048576K
}
Event: 15.634 GC heap before
{Heap before GC invocations=14 (full 0):
 garbage-first heap   total reserved 4163584K, committed 49152K, used 33636K [0x0000000701e00000, 0x0000000800000000)
  region size 2048K, 7 young (14336K), 2 survivors (4096K)
 Metaspace       used 59634K, committed 60160K, reserved 1114112K
  class space    used 8289K, committed 8512K, reserved 1048576K
}
Event: 15.643 GC heap after
{Heap after GC invocations=15 (full 0):
 garbage-first heap   total reserved 4163584K, committed 49152K, used 26748K [0x0000000701e00000, 0x0000000800000000)
  region size 2048K, 2 young (4096K), 2 survivors (4096K)
 Metaspace       used 59634K, committed 60160K, reserved 1114112K
  class space    used 8289K, committed 8512K, reserved 1048576K
}
Event: 31.496 GC heap before
{Heap before GC invocations=16 (full 0):
 garbage-first heap   total reserved 4163584K, committed 49152K, used 36988K [0x0000000701e00000, 0x0000000800000000)
  region size 2048K, 8 young (16384K), 2 survivors (4096K)
 Metaspace       used 62602K, committed 63232K, reserved 1114112K
  class space    used 8768K, committed 9024K, reserved 1048576K
}
Event: 31.511 GC heap after
{Heap after GC invocations=17 (full 0):
 garbage-first heap   total reserved 4163584K, committed 49152K, used 27539K [0x0000000701e00000, 0x0000000800000000)
  region size 2048K, 1 young (2048K), 1 survivors (2048K)
 Metaspace       used 62602K, committed 63232K, reserved 1114112K
  class space    used 8768K, committed 9024K, reserved 1048576K
}

